{"C:\\Users\\Cabis\\OneDrive\\Bureau\\New Files\\GL4\\Semestre 2\\Tests Logiciels\\TP\\TP1\\ARendre\\tp-1\\src\\App.jsx": {"path":"C:\\Users\\Cabis\\OneDrive\\Bureau\\New Files\\GL4\\Semestre 2\\Tests Logiciels\\TP\\TP1\\ARendre\\tp-1\\src\\App.jsx","all":false,"statementMap":{"0":{"start":{"line":1,"column":0},"end":{"line":1,"column":43}},"1":{"start":{"line":2,"column":0},"end":{"line":2,"column":42}},"2":{"start":{"line":3,"column":0},"end":{"line":3,"column":32}},"3":{"start":{"line":4,"column":0},"end":{"line":4,"column":18}},"4":{"start":{"line":5,"column":0},"end":{"line":5,"column":0}},"5":{"start":{"line":6,"column":0},"end":{"line":6,"column":35}},"6":{"start":{"line":7,"column":0},"end":{"line":7,"column":17}},"7":{"start":{"line":8,"column":0},"end":{"line":8,"column":24}},"8":{"start":{"line":9,"column":0},"end":{"line":9,"column":2}},"9":{"start":{"line":10,"column":0},"end":{"line":10,"column":0}},"10":{"start":{"line":11,"column":0},"end":{"line":11,"column":23}},"11":{"start":{"line":12,"column":0},"end":{"line":12,"column":39}},"12":{"start":{"line":13,"column":0},"end":{"line":13,"column":46}},"13":{"start":{"line":14,"column":0},"end":{"line":14,"column":42}},"14":{"start":{"line":15,"column":0},"end":{"line":15,"column":0}},"15":{"start":{"line":16,"column":0},"end":{"line":16,"column":33}},"16":{"start":{"line":17,"column":0},"end":{"line":17,"column":20}},"17":{"start":{"line":18,"column":0},"end":{"line":18,"column":98}},"18":{"start":{"line":19,"column":0},"end":{"line":19,"column":21}},"19":{"start":{"line":20,"column":0},"end":{"line":20,"column":40}},"20":{"start":{"line":21,"column":0},"end":{"line":21,"column":32}},"21":{"start":{"line":22,"column":0},"end":{"line":22,"column":20}},"22":{"start":{"line":23,"column":0},"end":{"line":23,"column":5}},"23":{"start":{"line":24,"column":0},"end":{"line":24,"column":8}},"24":{"start":{"line":25,"column":0},"end":{"line":25,"column":37}},"25":{"start":{"line":26,"column":0},"end":{"line":26,"column":3}},"26":{"start":{"line":27,"column":0},"end":{"line":27,"column":0}},"27":{"start":{"line":28,"column":0},"end":{"line":28,"column":19}},"28":{"start":{"line":29,"column":0},"end":{"line":29,"column":15}},"29":{"start":{"line":30,"column":0},"end":{"line":30,"column":8}},"30":{"start":{"line":31,"column":0},"end":{"line":31,"column":0}},"31":{"start":{"line":32,"column":0},"end":{"line":32,"column":10}},"32":{"start":{"line":33,"column":0},"end":{"line":33,"column":6}},"33":{"start":{"line":34,"column":0},"end":{"line":34,"column":11}},"34":{"start":{"line":35,"column":0},"end":{"line":35,"column":53}},"35":{"start":{"line":36,"column":0},"end":{"line":36,"column":65}},"36":{"start":{"line":37,"column":0},"end":{"line":37,"column":12}},"37":{"start":{"line":38,"column":0},"end":{"line":38,"column":52}},"38":{"start":{"line":39,"column":0},"end":{"line":39,"column":73}},"39":{"start":{"line":40,"column":0},"end":{"line":40,"column":12}},"40":{"start":{"line":41,"column":0},"end":{"line":41,"column":12}},"41":{"start":{"line":42,"column":0},"end":{"line":42,"column":27}},"42":{"start":{"line":43,"column":0},"end":{"line":43,"column":28}},"43":{"start":{"line":44,"column":0},"end":{"line":44,"column":63}},"44":{"start":{"line":45,"column":0},"end":{"line":45,"column":26}},"45":{"start":{"line":46,"column":0},"end":{"line":46,"column":17}},"46":{"start":{"line":47,"column":0},"end":{"line":47,"column":11}},"47":{"start":{"line":48,"column":0},"end":{"line":48,"column":60}},"48":{"start":{"line":49,"column":0},"end":{"line":49,"column":12}},"49":{"start":{"line":50,"column":0},"end":{"line":50,"column":12}},"50":{"start":{"line":51,"column":0},"end":{"line":51,"column":35}},"51":{"start":{"line":52,"column":0},"end":{"line":52,"column":55}},"52":{"start":{"line":53,"column":0},"end":{"line":53,"column":10}},"53":{"start":{"line":54,"column":0},"end":{"line":54,"column":31}},"54":{"start":{"line":55,"column":0},"end":{"line":55,"column":13}},"55":{"start":{"line":56,"column":0},"end":{"line":56,"column":27}},"56":{"start":{"line":57,"column":0},"end":{"line":57,"column":14}},"57":{"start":{"line":58,"column":0},"end":{"line":58,"column":40}},"58":{"start":{"line":59,"column":0},"end":{"line":59,"column":55}},"59":{"start":{"line":60,"column":0},"end":{"line":60,"column":15}},"60":{"start":{"line":61,"column":0},"end":{"line":61,"column":15}},"61":{"start":{"line":62,"column":0},"end":{"line":62,"column":14}},"62":{"start":{"line":63,"column":0},"end":{"line":63,"column":21}},"63":{"start":{"line":64,"column":0},"end":{"line":64,"column":31}},"64":{"start":{"line":65,"column":0},"end":{"line":65,"column":7}},"65":{"start":{"line":66,"column":0},"end":{"line":66,"column":3}},"66":{"start":{"line":67,"column":0},"end":{"line":67,"column":1}},"67":{"start":{"line":68,"column":0},"end":{"line":68,"column":0}},"68":{"start":{"line":69,"column":0},"end":{"line":69,"column":18}}},"s":{"0":1,"1":1,"2":1,"3":1,"4":1,"5":1,"6":1,"7":1,"8":1,"9":1,"10":8,"11":8,"12":8,"13":8,"14":8,"15":8,"16":4,"17":4,"18":4,"19":3,"20":3,"21":3,"22":3,"23":1,"24":1,"25":4,"26":8,"27":8,"28":4,"29":8,"30":8,"31":8,"32":8,"33":8,"34":8,"35":8,"36":8,"37":8,"38":8,"39":8,"40":8,"41":8,"42":8,"43":8,"44":8,"45":8,"46":8,"47":8,"48":8,"49":8,"50":8,"51":8,"52":8,"53":8,"54":1,"55":1,"56":1,"57":1,"58":20,"59":1,"60":1,"61":1,"62":7,"63":8,"64":8,"65":8,"66":8,"67":1,"68":1},"branchMap":{"0":{"type":"branch","line":11,"loc":{"start":{"line":11,"column":0},"end":{"line":67,"column":1}},"locations":[{"start":{"line":11,"column":0},"end":{"line":67,"column":1}}]},"1":{"type":"branch","line":54,"loc":{"start":{"line":54,"column":26},"end":{"line":62,"column":14}},"locations":[{"start":{"line":54,"column":26},"end":{"line":62,"column":14}}]},"2":{"type":"branch","line":62,"loc":{"start":{"line":62,"column":8},"end":{"line":63,"column":21}},"locations":[{"start":{"line":62,"column":8},"end":{"line":63,"column":21}}]},"3":{"type":"branch","line":64,"loc":{"start":{"line":64,"column":7},"end":{"line":64,"column":31}},"locations":[{"start":{"line":64,"column":7},"end":{"line":64,"column":31}}]},"4":{"type":"branch","line":16,"loc":{"start":{"line":16,"column":20},"end":{"line":26,"column":3}},"locations":[{"start":{"line":16,"column":20},"end":{"line":26,"column":3}}]},"5":{"type":"branch","line":18,"loc":{"start":{"line":18,"column":33},"end":{"line":18,"column":45}},"locations":[{"start":{"line":18,"column":33},"end":{"line":18,"column":45}}]},"6":{"type":"branch","line":18,"loc":{"start":{"line":18,"column":39},"end":{"line":18,"column":97}},"locations":[{"start":{"line":18,"column":39},"end":{"line":18,"column":97}}]},"7":{"type":"branch","line":19,"loc":{"start":{"line":19,"column":20},"end":{"line":23,"column":5}},"locations":[{"start":{"line":19,"column":20},"end":{"line":23,"column":5}}]},"8":{"type":"branch","line":23,"loc":{"start":{"line":23,"column":4},"end":{"line":25,"column":37}},"locations":[{"start":{"line":23,"column":4},"end":{"line":25,"column":37}}]},"9":{"type":"branch","line":28,"loc":{"start":{"line":28,"column":12},"end":{"line":30,"column":5}},"locations":[{"start":{"line":28,"column":12},"end":{"line":30,"column":5}}]},"10":{"type":"branch","line":44,"loc":{"start":{"line":44,"column":25},"end":{"line":44,"column":63}},"locations":[{"start":{"line":44,"column":25},"end":{"line":44,"column":63}}]},"11":{"type":"branch","line":44,"loc":{"start":{"line":44,"column":40},"end":{"line":44,"column":60}},"locations":[{"start":{"line":44,"column":40},"end":{"line":44,"column":60}}]},"12":{"type":"branch","line":58,"loc":{"start":{"line":58,"column":26},"end":{"line":59,"column":55}},"locations":[{"start":{"line":58,"column":26},"end":{"line":59,"column":55}}]}},"b":{"0":[8],"1":[1],"2":[7],"3":[1],"4":[4],"5":[1],"6":[3],"7":[3],"8":[1],"9":[4],"10":[2],"11":[2],"12":[20]},"fnMap":{"0":{"name":"App","decl":{"start":{"line":11,"column":0},"end":{"line":67,"column":1}},"loc":{"start":{"line":11,"column":0},"end":{"line":67,"column":1}},"line":11},"1":{"name":"fetchData","decl":{"start":{"line":16,"column":20},"end":{"line":26,"column":3}},"loc":{"start":{"line":16,"column":20},"end":{"line":26,"column":3}},"line":16},"2":{"name":"onClick","decl":{"start":{"line":44,"column":25},"end":{"line":44,"column":63}},"loc":{"start":{"line":44,"column":25},"end":{"line":44,"column":63}},"line":44}},"f":{"0":8,"1":4,"2":2}}
}
