<?xml version="1.0" encoding="UTF-8"?>
<coverage generated="1713885987591" clover="3.2.0">
  <project timestamp="1713885987591" name="All files">
    <metrics statements="20" coveredstatements="18" conditionals="7" coveredconditionals="6" methods="5" coveredmethods="5" elements="32" coveredelements="29" complexity="0" loc="20" ncloc="20" packages="5" files="5" classes="5"/>
    <package name="src">
      <metrics statements="3" coveredstatements="3" conditionals="1" coveredconditionals="1" methods="1" coveredmethods="1"/>
      <file name="math.js" path="C:\Users\Cabis\OneDrive\Bureau\New Files\GL4\Semestre 2\Tests Logiciels\TP\TP1\Classe\src\math.js">
        <metrics statements="3" coveredstatements="3" conditionals="1" coveredconditionals="1" methods="1" coveredmethods="1"/>
        <line num="1" count="1" type="cond" truecount="1" falsecount="0"/>
        <line num="2" count="1" type="stmt"/>
        <line num="3" count="1" type="stmt"/>
      </file>
    </package>
    <package name="src.Activite 1">
      <metrics statements="8" coveredstatements="6" conditionals="2" coveredconditionals="1" methods="1" coveredmethods="1"/>
      <file name="asyncFunction.js" path="C:\Users\Cabis\OneDrive\Bureau\New Files\GL4\Semestre 2\Tests Logiciels\TP\TP1\Classe\src\Activite 1\asyncFunction.js">
        <metrics statements="8" coveredstatements="6" conditionals="2" coveredconditionals="1" methods="1" coveredmethods="1"/>
        <line num="1" count="1" type="cond" truecount="1" falsecount="0"/>
        <line num="2" count="1" type="stmt"/>
        <line num="3" count="1" type="cond" truecount="0" falsecount="1"/>
        <line num="4" count="0" type="stmt"/>
        <line num="5" count="0" type="stmt"/>
        <line num="6" count="1" type="stmt"/>
        <line num="7" count="1" type="stmt"/>
        <line num="8" count="1" type="stmt"/>
      </file>
    </package>
    <package name="src.Exercice 1">
      <metrics statements="3" coveredstatements="3" conditionals="1" coveredconditionals="1" methods="1" coveredmethods="1"/>
      <file name="chaines.js" path="C:\Users\Cabis\OneDrive\Bureau\New Files\GL4\Semestre 2\Tests Logiciels\TP\TP1\Classe\src\Exercice 1\chaines.js">
        <metrics statements="3" coveredstatements="3" conditionals="1" coveredconditionals="1" methods="1" coveredmethods="1"/>
        <line num="1" count="1" type="cond" truecount="1" falsecount="0"/>
        <line num="2" count="5" type="stmt"/>
        <line num="3" count="5" type="stmt"/>
      </file>
    </package>
    <package name="src.Exercice 2">
      <metrics statements="3" coveredstatements="3" conditionals="1" coveredconditionals="1" methods="1" coveredmethods="1"/>
      <file name="tableau.js" path="C:\Users\Cabis\OneDrive\Bureau\New Files\GL4\Semestre 2\Tests Logiciels\TP\TP1\Classe\src\Exercice 2\tableau.js">
        <metrics statements="3" coveredstatements="3" conditionals="1" coveredconditionals="1" methods="1" coveredmethods="1"/>
        <line num="1" count="1" type="cond" truecount="1" falsecount="0"/>
        <line num="2" count="5" type="stmt"/>
        <line num="3" count="5" type="stmt"/>
      </file>
    </package>
    <package name="src.Exercice 3">
      <metrics statements="3" coveredstatements="3" conditionals="2" coveredconditionals="2" methods="1" coveredmethods="1"/>
      <file name="range.js" path="C:\Users\Cabis\OneDrive\Bureau\New Files\GL4\Semestre 2\Tests Logiciels\TP\TP1\Classe\src\Exercice 3\range.js">
        <metrics statements="3" coveredstatements="3" conditionals="2" coveredconditionals="2" methods="1" coveredmethods="1"/>
        <line num="1" count="1" type="cond" truecount="1" falsecount="0"/>
        <line num="2" count="5" type="cond" truecount="1" falsecount="0"/>
        <line num="3" count="5" type="stmt"/>
      </file>
    </package>
  </project>
</coverage>
