{"C:\\Users\\Cabis\\OneDrive\\Bureau\\New Files\\GL4\\Semestre 2\\Tests Logiciels\\TP\\TP1\\Classe\\src\\math.js": {"path":"C:\\Users\\Cabis\\OneDrive\\Bureau\\New Files\\GL4\\Semestre 2\\Tests Logiciels\\TP\\TP1\\Classe\\src\\math.js","all":false,"statementMap":{"0":{"start":{"line":1,"column":0},"end":{"line":1,"column":27}},"1":{"start":{"line":2,"column":0},"end":{"line":2,"column":15}},"2":{"start":{"line":3,"column":0},"end":{"line":3,"column":1}}},"s":{"0":1,"1":1,"2":1},"branchMap":{"0":{"type":"branch","line":1,"loc":{"start":{"line":1,"column":7},"end":{"line":3,"column":1}},"locations":[{"start":{"line":1,"column":7},"end":{"line":3,"column":1}}]}},"b":{"0":[1]},"fnMap":{"0":{"name":"add","decl":{"start":{"line":1,"column":7},"end":{"line":3,"column":1}},"loc":{"start":{"line":1,"column":7},"end":{"line":3,"column":1}},"line":1}},"f":{"0":1}}
,"C:\\Users\\Cabis\\OneDrive\\Bureau\\New Files\\GL4\\Semestre 2\\Tests Logiciels\\TP\\TP1\\Classe\\src\\Activite 1\\asyncFunction.js": {"path":"C:\\Users\\Cabis\\OneDrive\\Bureau\\New Files\\GL4\\Semestre 2\\Tests Logiciels\\TP\\TP1\\Classe\\src\\Activite 1\\asyncFunction.js","all":false,"statementMap":{"0":{"start":{"line":1,"column":0},"end":{"line":1,"column":41}},"1":{"start":{"line":2,"column":0},"end":{"line":2,"column":63}},"2":{"start":{"line":3,"column":0},"end":{"line":3,"column":23}},"3":{"start":{"line":4,"column":0},"end":{"line":4,"column":53}},"4":{"start":{"line":5,"column":0},"end":{"line":5,"column":5}},"5":{"start":{"line":6,"column":0},"end":{"line":6,"column":39}},"6":{"start":{"line":7,"column":0},"end":{"line":7,"column":96}},"7":{"start":{"line":8,"column":0},"end":{"line":8,"column":1}}},"s":{"0":1,"1":1,"2":1,"3":0,"4":0,"5":1,"6":1,"7":1},"branchMap":{"0":{"type":"branch","line":1,"loc":{"start":{"line":1,"column":7},"end":{"line":8,"column":1}},"locations":[{"start":{"line":1,"column":7},"end":{"line":8,"column":1}}]},"1":{"type":"branch","line":3,"loc":{"start":{"line":3,"column":22},"end":{"line":5,"column":5}},"locations":[{"start":{"line":3,"column":22},"end":{"line":5,"column":5}}]}},"b":{"0":[1],"1":[0]},"fnMap":{"0":{"name":"fetchRandomUser","decl":{"start":{"line":1,"column":7},"end":{"line":8,"column":1}},"loc":{"start":{"line":1,"column":7},"end":{"line":8,"column":1}},"line":1}},"f":{"0":1}}
,"C:\\Users\\Cabis\\OneDrive\\Bureau\\New Files\\GL4\\Semestre 2\\Tests Logiciels\\TP\\TP1\\Classe\\src\\Exercice 1\\chaines.js": {"path":"C:\\Users\\Cabis\\OneDrive\\Bureau\\New Files\\GL4\\Semestre 2\\Tests Logiciels\\TP\\TP1\\Classe\\src\\Exercice 1\\chaines.js","all":false,"statementMap":{"0":{"start":{"line":1,"column":0},"end":{"line":1,"column":37}},"1":{"start":{"line":2,"column":0},"end":{"line":2,"column":30}},"2":{"start":{"line":3,"column":0},"end":{"line":3,"column":1}}},"s":{"0":1,"1":5,"2":5},"branchMap":{"0":{"type":"branch","line":1,"loc":{"start":{"line":1,"column":7},"end":{"line":3,"column":1}},"locations":[{"start":{"line":1,"column":7},"end":{"line":3,"column":1}}]}},"b":{"0":[5]},"fnMap":{"0":{"name":"toUpperCase","decl":{"start":{"line":1,"column":7},"end":{"line":3,"column":1}},"loc":{"start":{"line":1,"column":7},"end":{"line":3,"column":1}},"line":1}},"f":{"0":5}}
,"C:\\Users\\Cabis\\OneDrive\\Bureau\\New Files\\GL4\\Semestre 2\\Tests Logiciels\\TP\\TP1\\Classe\\src\\Exercice 2\\tableau.js": {"path":"C:\\Users\\Cabis\\OneDrive\\Bureau\\New Files\\GL4\\Semestre 2\\Tests Logiciels\\TP\\TP1\\Classe\\src\\Exercice 2\\tableau.js","all":false,"statementMap":{"0":{"start":{"line":1,"column":0},"end":{"line":1,"column":29}},"1":{"start":{"line":2,"column":0},"end":{"line":2,"column":22}},"2":{"start":{"line":3,"column":0},"end":{"line":3,"column":1}}},"s":{"0":1,"1":5,"2":5},"branchMap":{"0":{"type":"branch","line":1,"loc":{"start":{"line":1,"column":7},"end":{"line":3,"column":1}},"locations":[{"start":{"line":1,"column":7},"end":{"line":3,"column":1}}]}},"b":{"0":[5]},"fnMap":{"0":{"name":"sort","decl":{"start":{"line":1,"column":7},"end":{"line":3,"column":1}},"loc":{"start":{"line":1,"column":7},"end":{"line":3,"column":1}},"line":1}},"f":{"0":5}}
,"C:\\Users\\Cabis\\OneDrive\\Bureau\\New Files\\GL4\\Semestre 2\\Tests Logiciels\\TP\\TP1\\Classe\\src\\Exercice 3\\range.js": {"path":"C:\\Users\\Cabis\\OneDrive\\Bureau\\New Files\\GL4\\Semestre 2\\Tests Logiciels\\TP\\TP1\\Classe\\src\\Exercice 3\\range.js","all":false,"statementMap":{"0":{"start":{"line":1,"column":0},"end":{"line":1,"column":49}},"1":{"start":{"line":2,"column":0},"end":{"line":2,"column":40}},"2":{"start":{"line":3,"column":0},"end":{"line":3,"column":1}}},"s":{"0":1,"1":5,"2":5},"branchMap":{"0":{"type":"branch","line":1,"loc":{"start":{"line":1,"column":7},"end":{"line":3,"column":1}},"locations":[{"start":{"line":1,"column":7},"end":{"line":3,"column":1}}]},"1":{"type":"branch","line":2,"loc":{"start":{"line":2,"column":24},"end":{"line":2,"column":39}},"locations":[{"start":{"line":2,"column":24},"end":{"line":2,"column":39}}]}},"b":{"0":[5],"1":[1]},"fnMap":{"0":{"name":"isPriceInRange","decl":{"start":{"line":1,"column":7},"end":{"line":3,"column":1}},"loc":{"start":{"line":1,"column":7},"end":{"line":3,"column":1}},"line":1}},"f":{"0":5}}
}
